[debug] [2023-10-21T22:17:32.202Z] ----------------------------------------------------------------------
[debug] [2023-10-21T22:17:32.211Z] Command:       C:\Program Files\nodejs\node.exe C:\Users\rishi\AppData\Roaming\npm\node_modules\firebase-tools\lib\bin\firebase.js deploy --only hosting
[debug] [2023-10-21T22:17:32.213Z] CLI Version:   11.2.2
[debug] [2023-10-21T22:17:32.214Z] Platform:      win32
[debug] [2023-10-21T22:17:32.215Z] Node Version:  v16.13.0
[debug] [2023-10-21T22:17:32.226Z] Time:          Sun Oct 22 2023 03:47:32 GMT+0530 (India Standard Time)
[debug] [2023-10-21T22:17:32.228Z] ----------------------------------------------------------------------
[debug] 
[debug] [2023-10-21T22:17:32.264Z] >>> [apiv2][query] GET https://firebase-public.firebaseio.com/cli.json [none]
[debug] [2023-10-21T22:17:32.530Z] > refreshing access token with scopes: []
[debug] [2023-10-21T22:17:32.534Z] >>> [apiv2][query] POST https://www.googleapis.com/oauth2/v3/token [none]
[debug] [2023-10-21T22:17:32.535Z] >>> [apiv2][body] POST https://www.googleapis.com/oauth2/v3/token [omitted]
[debug] [2023-10-21T22:17:32.887Z] <<< [apiv2][status] POST https://www.googleapis.com/oauth2/v3/token 400
[debug] [2023-10-21T22:17:32.887Z] <<< [apiv2][body] POST https://www.googleapis.com/oauth2/v3/token [omitted]
[debug] [2023-10-21T22:17:32.888Z] >>> [apiv2][query] GET https://firebase.googleapis.com/v1beta1/projects/undefined [none]
[debug] [2023-10-21T22:17:33.208Z] <<< [apiv2][status] GET https://firebase-public.firebaseio.com/cli.json 200
[debug] [2023-10-21T22:17:33.208Z] <<< [apiv2][body] GET https://firebase-public.firebaseio.com/cli.json {"cloudBuildErrorAfter":1594252800000,"cloudBuildWarnAfter":1590019200000,"defaultNode10After":1594252800000,"minVersion":"3.0.5","node8DeploysDisabledAfter":1613390400000,"node8RuntimeDisabledAfter":1615809600000,"node8WarnAfter":1600128000000}
[debug] [2023-10-21T22:17:33.392Z] <<< [apiv2][status] GET https://firebase.googleapis.com/v1beta1/projects/undefined 401
[debug] [2023-10-21T22:17:33.393Z] <<< [apiv2][body] GET https://firebase.googleapis.com/v1beta1/projects/undefined {"error":{"code":401,"message":"Request had invalid authentication credentials. Expected OAuth 2 access token, login cookie or other valid authentication credential. See https://developers.google.com/identity/sign-in/web/devconsole-project.","status":"UNAUTHENTICATED"}}
[debug] [2023-10-21T22:17:33.397Z] HTTP Error: 401, Request had invalid authentication credentials. Expected OAuth 2 access token, login cookie or other valid authentication credential. See https://developers.google.com/identity/sign-in/web/devconsole-project.
[debug] [2023-10-21T22:17:33.601Z] FirebaseError: HTTP Error: 401, Request had invalid authentication credentials. Expected OAuth 2 access token, login cookie or other valid authentication credential. See https://developers.google.com/identity/sign-in/web/devconsole-project.
    at responseToError (C:\Users\rishi\AppData\Roaming\npm\node_modules\firebase-tools\lib\responseToError.js:49:12)
    at RetryOperation._fn (C:\Users\rishi\AppData\Roaming\npm\node_modules\firebase-tools\lib\apiv2.js:287:77)
    at processTicksAndRejections (node:internal/process/task_queues:96:5)
[error] 
[error] Error: Failed to get Firebase project undefined. Please make sure the project exists and your account has permission to access it.
